app/build/intermediates/manifest_merge_blame_file/debug/manifest-merger-blame-debug-report.txt
1<?xml version="1.0" encoding="utf-8"?>
2<manifest xmlns:android="http://schemas.android.com/apk/res/android"
3    package="com.example.treeplantingrecord" >
4
5    <uses-sdk
6        android:minSdkVersion="21"
6-->src/main/AndroidManifest.xml
7        android:targetSdkVersion="30" />
7-->src/main/AndroidManifest.xml
8
9    <uses-permission android:name="android.permission.INTERNET" />
9-->src/main/AndroidManifest.xml:5:5-67
9-->src/main/AndroidManifest.xml:5:22-64
10    <uses-permission android:name="android.permission.ACCESS_NETWORK_STATE" />
10-->src/main/AndroidManifest.xml:6:5-79
10-->src/main/AndroidManifest.xml:6:22-76
11    <uses-permission android:name="android.permission.READ_EXTERNAL_STORAGE" />
11-->src/main/AndroidManifest.xml:7:5-80
11-->src/main/AndroidManifest.xml:7:22-77
12    <uses-permission android:name="android.permission.READ_PHONE_STATE" />
12-->src/main/AndroidManifest.xml:8:5-75
12-->src/main/AndroidManifest.xml:8:22-72
13    <uses-permission android:name="android.permission.WRITE_EXTERNAL_STORAGE" />
13-->src/main/AndroidManifest.xml:9:5-81
13-->src/main/AndroidManifest.xml:9:22-78
14    <uses-permission android:name="android.permission.CAMERA" />
14-->src/main/AndroidManifest.xml:10:5-65
14-->src/main/AndroidManifest.xml:10:22-62
15    <uses-permission android:name="android.permission.CALL_PHONE" />
15-->src/main/AndroidManifest.xml:11:5-69
15-->src/main/AndroidManifest.xml:11:22-66
16    <uses-permission android:name="com.google.android.providers.gsf.permission.READ_GSERVICES" />
16-->src/main/AndroidManifest.xml:12:5-98
16-->src/main/AndroidManifest.xml:12:22-95
17    <uses-permission android:name="android.permission.ACCESS_COARSE_LOCATION" />
17-->src/main/AndroidManifest.xml:13:5-81
17-->src/main/AndroidManifest.xml:13:22-78
18    <uses-permission android:name="android.permission.ACCESS_FINE_LOCATION" />
18-->src/main/AndroidManifest.xml:14:5-79
18-->src/main/AndroidManifest.xml:14:22-76
19    <uses-permission android:name="android.permission.FOREGROUND_SERVICE" />
19-->src/main/AndroidManifest.xml:15:5-77
19-->src/main/AndroidManifest.xml:15:22-74
20    <uses-permission android:name="android.permission.WAKE_LOCK" />
20-->[net.gotev:uploadservice:2.1] AndroidManifest.xml:13:5-68
20-->[net.gotev:uploadservice:2.1] AndroidManifest.xml:13:22-65
21
22    <application
22-->src/main/AndroidManifest.xml:17:5-58:19
23        android:allowBackup="true"
23-->src/main/AndroidManifest.xml:18:9-35
24        android:appComponentFactory="androidx.core.app.CoreComponentFactory"
24-->[androidx.core:core:1.0.0] AndroidManifest.xml:22:18-86
25        android:debuggable="true"
26        android:icon="@mipmap/ic_launcher"
26-->src/main/AndroidManifest.xml:19:9-43
27        android:label="@string/app_name"
27-->src/main/AndroidManifest.xml:20:9-41
28        android:requestLegacyExternalStorage="true"
28-->src/main/AndroidManifest.xml:21:9-52
29        android:roundIcon="@mipmap/ic_launcher_round"
29-->src/main/AndroidManifest.xml:22:9-54
30        android:supportsRtl="true"
30-->src/main/AndroidManifest.xml:23:9-35
31        android:testOnly="true"
32        android:theme="@style/AppTheme"
32-->src/main/AndroidManifest.xml:24:9-40
33        android:usesCleartextTraffic="true" >
33-->src/main/AndroidManifest.xml:25:9-44
34        <activity
34-->src/main/AndroidManifest.xml:26:9-27:68
35            android:name="com.example.treeplantingrecord.member_pro_list"
35-->src/main/AndroidManifest.xml:26:19-50
36            android:theme="@style/AppTheme.NoActionBar" />
36-->src/main/AndroidManifest.xml:27:13-56
37        <activity
37-->src/main/AndroidManifest.xml:28:9-30:59
38            android:name="com.example.treeplantingrecord.member_edit"
38-->src/main/AndroidManifest.xml:29:13-40
39            android:theme="@style/AppTheme.NoActionBar" />
39-->src/main/AndroidManifest.xml:30:13-56
40        <activity
40-->src/main/AndroidManifest.xml:31:9-33:59
41            android:name="com.example.treeplantingrecord.member_list"
41-->src/main/AndroidManifest.xml:32:13-40
42            android:theme="@style/AppTheme.NoActionBar" />
42-->src/main/AndroidManifest.xml:33:13-56
43        <activity
43-->src/main/AndroidManifest.xml:34:9-36:59
44            android:name="com.example.treeplantingrecord.member_add"
44-->src/main/AndroidManifest.xml:35:13-39
45            android:theme="@style/AppTheme.NoActionBar" />
45-->src/main/AndroidManifest.xml:36:13-56
46        <activity
46-->src/main/AndroidManifest.xml:37:9-39:59
47            android:name="com.example.treeplantingrecord.member_addproduct"
47-->src/main/AndroidManifest.xml:38:13-46
48            android:theme="@style/AppTheme.NoActionBar" />
48-->src/main/AndroidManifest.xml:39:13-56
49        <activity
49-->src/main/AndroidManifest.xml:40:9-42:59
50            android:name="com.example.treeplantingrecord.member_home"
50-->src/main/AndroidManifest.xml:41:13-40
51            android:theme="@style/AppTheme.NoActionBar" />
51-->src/main/AndroidManifest.xml:42:13-56
52        <activity
52-->src/main/AndroidManifest.xml:43:9-45:59
53            android:name="com.example.treeplantingrecord.register"
53-->src/main/AndroidManifest.xml:44:13-37
54            android:theme="@style/AppTheme.NoActionBar" />
54-->src/main/AndroidManifest.xml:45:13-56
55        <activity
55-->src/main/AndroidManifest.xml:46:9-54:20
56            android:name="com.example.treeplantingrecord.logo"
56-->src/main/AndroidManifest.xml:47:13-33
57            android:theme="@style/AppTheme.NoActionBar" >
57-->src/main/AndroidManifest.xml:48:13-56
58            <intent-filter>
58-->src/main/AndroidManifest.xml:49:13-53:29
59                <action android:name="android.intent.action.MAIN" />
59-->src/main/AndroidManifest.xml:50:17-69
59-->src/main/AndroidManifest.xml:50:25-66
60
61                <category android:name="android.intent.category.LAUNCHER" />
61-->src/main/AndroidManifest.xml:52:17-77
61-->src/main/AndroidManifest.xml:52:27-74
62            </intent-filter>
63        </activity>
64        <activity
64-->src/main/AndroidManifest.xml:55:9-57:59
65            android:name="com.example.treeplantingrecord.MainActivity"
65-->src/main/AndroidManifest.xml:56:13-41
66            android:theme="@style/AppTheme.NoActionBar" />
66-->src/main/AndroidManifest.xml:57:13-56
67
68        <service
68-->[net.gotev:uploadservice:2.1] AndroidManifest.xml:16:9-20:19
69            android:name="net.gotev.uploadservice.UploadService"
69-->[net.gotev:uploadservice:2.1] AndroidManifest.xml:17:13-65
70            android:enabled="true"
70-->[net.gotev:uploadservice:2.1] AndroidManifest.xml:18:13-35
71            android:exported="true" >
71-->[net.gotev:uploadservice:2.1] AndroidManifest.xml:19:13-36
72        </service>
73
74        <activity
74-->[com.google.android.gms:play-services-base:12.0.0] AndroidManifest.xml:23:9-26:75
75            android:name="com.google.android.gms.common.api.GoogleApiActivity"
75-->[com.google.android.gms:play-services-base:12.0.0] AndroidManifest.xml:24:13-79
76            android:exported="false"
76-->[com.google.android.gms:play-services-base:12.0.0] AndroidManifest.xml:25:13-37
77            android:theme="@android:style/Theme.Translucent.NoTitleBar" />
77-->[com.google.android.gms:play-services-base:12.0.0] AndroidManifest.xml:26:13-72
78
79        <meta-data
79-->[com.google.android.gms:play-services-basement:12.0.0] AndroidManifest.xml:23:9-25:69
80            android:name="com.google.android.gms.version"
80-->[com.google.android.gms:play-services-basement:12.0.0] AndroidManifest.xml:24:13-58
81            android:value="@integer/google_play_services_version" />
81-->[com.google.android.gms:play-services-basement:12.0.0] AndroidManifest.xml:25:13-66
82
83        <provider
83-->[androidx.lifecycle:lifecycle-process:2.0.0] AndroidManifest.xml:23:9-27:43
84            android:name="androidx.lifecycle.ProcessLifecycleOwnerInitializer"
84-->[androidx.lifecycle:lifecycle-process:2.0.0] AndroidManifest.xml:24:13-79
85            android:authorities="com.example.treeplantingrecord.lifecycle-process"
85-->[androidx.lifecycle:lifecycle-process:2.0.0] AndroidManifest.xml:25:13-69
86            android:exported="false"
86-->[androidx.lifecycle:lifecycle-process:2.0.0] AndroidManifest.xml:26:13-37
87            android:multiprocess="true" />
87-->[androidx.lifecycle:lifecycle-process:2.0.0] AndroidManifest.xml:27:13-40
88    </application>
89
90</manifest>